<?xml version="1.0" encoding="UTF-8"?>
<!-- Generated by org.testng.reporters.JUnitReportReporter -->
<testsuite skipped="0" hostname="DESKTOP-9S7NQ6K" name="script.ValidLogin" tests="1" failures="0" timestamp="10 Jan 2019 10:25:36 GMT" time="11.213" errors="0">
  <testcase name="testValidLogin" time="11.213" classname="script.ValidLogin"/>
</testsuite> <!-- script.ValidLogin -->
