<?xml version="1.0" encoding="UTF-8"?>
<!-- Generated by org.testng.reporters.JUnitReportReporter -->
<testsuite skipped="0" hostname="DESKTOP-9S7NQ6K" name="script.TestLaunch" tests="1" failures="0" timestamp="25 Jan 2019 08:37:01 GMT" time="13.401" errors="0">
  <testcase name="testLaunch" time="13.401" classname="script.TestLaunch"/>
</testsuite> <!-- script.TestLaunch -->
