<?xml version="1.0" encoding="UTF-8"?>
<!-- Generated by org.testng.reporters.JUnitReportReporter -->
<testsuite skipped="0" hostname="DESKTOP-9S7NQ6K" name="script.TestUtil" tests="1" failures="0" timestamp="07 Jan 2019 10:28:20 GMT" time="8.491" errors="0">
  <testcase name="testA" time="8.491" classname="script.TestUtil"/>
</testsuite> <!-- script.TestUtil -->
