<?xml version="1.0" encoding="UTF-8"?>
<!-- Generated by org.testng.reporters.JUnitReportReporter -->
<testsuite skipped="0" hostname="DESKTOP-9S7NQ6K" name="script.InvalidLogin" tests="1" failures="0" timestamp="10 Jan 2019 11:42:25 GMT" time="8.941" errors="0">
  <testcase name="testInvalidLogin" time="8.941" classname="script.InvalidLogin"/>
</testsuite> <!-- script.InvalidLogin -->
