<?xml version="1.0" encoding="UTF-8"?>
<!-- Generated by org.testng.reporters.JUnitReportReporter -->
<testsuite skipped="0" hostname="DESKTOP-9S7NQ6K" name="script.CheckIssueDate" tests="1" failures="0" timestamp="10 Jan 2019 11:54:39 GMT" time="16.076" errors="0">
  <testcase name="testCheckIssueDate" time="16.076" classname="script.CheckIssueDate"/>
</testsuite> <!-- script.CheckIssueDate -->
